2026-05-18 13:26:29,643 DEBUG    root            Loaded Command Group: ['gcloud', 'components']
2026-05-18 13:26:29,681 DEBUG    root            Loaded Command Group: ['gcloud', 'components', 'update']
2026-05-18 13:26:29,683 DEBUG    root            Running [gcloud.components.update] with arguments: [--quiet: "True", COMPONENT-IDS:8: "['gcloud', 'core', 'bq', 'gsutil', 'compute', 'preview', 'alpha', 'beta']"]
2026-05-18 13:26:29,684 DEBUG    root            On GCE from disk cache: False
2026-05-18 13:26:29,685 INFO     ___FILE_ONLY___ Beginning update. This process may take several minutes.

2026-05-18 13:26:29,686 DEBUG    root            On GCE from memory cache: False
2026-05-18 13:26:29,688 DEBUG    root            On GCE from memory cache: False
2026-05-18 13:26:29,690 DEBUG    urllib3.connectionpool Starting new HTTPS connection (1): dl.google.com:443
2026-05-18 13:26:29,773 DEBUG    urllib3.connectionpool https://dl.google.com:443 "GET /dl/cloudsdk/channels/rapid/components-2.json HTTP/1.1" 200 25078
2026-05-18 13:26:29,788 WARNING  root            Component [compute] no longer exists.
2026-05-18 13:26:29,789 INFO     ___FILE_ONLY___ 

2026-05-18 13:26:29,790 INFO     ___FILE_ONLY___ 
Your current Google Cloud CLI version is: 568.0.0

2026-05-18 13:26:29,790 INFO     ___FILE_ONLY___ Installing components from version: 568.0.0

2026-05-18 13:26:29,790 INFO     ___FILE_ONLY___ 

2026-05-18 13:26:29,790 DEBUG    root            Chosen display Format:table[box,title="These components will be removed."](details.display_name:label=Name:align=left,version.version_string:label=Version:align=right,data.size.size(zero="",min=1048576):label=Size:align=right)
2026-05-18 13:26:29,791 DEBUG    root            Chosen display Format:table[box,title="These components will be updated."](details.display_name:label=Name:align=left,version.version_string:label=Version:align=right,data.size.size(zero="",min=1048576):label=Size:align=right)
2026-05-18 13:26:29,791 DEBUG    root            Chosen display Format:table[box,title="These components will be installed."](details.display_name:label=Name:align=left,version.version_string:label=Version:align=right,data.size.size(zero="",min=1048576):label=Size:align=right)
2026-05-18 13:26:29,812 INFO     ___FILE_ONLY___ ┌────────────────────────────────────────────────┐
2026-05-18 13:26:29,812 INFO     ___FILE_ONLY___ 

2026-05-18 13:26:29,812 INFO     ___FILE_ONLY___ │      These components will be installed.       │
2026-05-18 13:26:29,812 INFO     ___FILE_ONLY___ 

2026-05-18 13:26:29,812 INFO     ___FILE_ONLY___ ├─────────────────────────┬────────────┬─────────┤
2026-05-18 13:26:29,812 INFO     ___FILE_ONLY___ 

2026-05-18 13:26:29,813 INFO     ___FILE_ONLY___ │           Name          │  Version   │   Size  │
2026-05-18 13:26:29,813 INFO     ___FILE_ONLY___ 

2026-05-18 13:26:29,813 INFO     ___FILE_ONLY___ ├─────────────────────────┼────────────┼─────────┤
2026-05-18 13:26:29,813 INFO     ___FILE_ONLY___ 

2026-05-18 13:26:29,813 INFO     ___FILE_ONLY___ │ 
2026-05-18 13:26:29,813 INFO     ___FILE_ONLY___ gcloud Alpha Commands  
2026-05-18 13:26:29,813 INFO     ___FILE_ONLY___  
2026-05-18 13:26:29,813 INFO     ___FILE_ONLY___ │ 
2026-05-18 13:26:29,813 INFO     ___FILE_ONLY___ 2026.05.08
2026-05-18 13:26:29,813 INFO     ___FILE_ONLY___  
2026-05-18 13:26:29,813 INFO     ___FILE_ONLY___ │ 
2026-05-18 13:26:29,813 INFO     ___FILE_ONLY___ < 1 MiB
2026-05-18 13:26:29,813 INFO     ___FILE_ONLY___  
2026-05-18 13:26:29,813 INFO     ___FILE_ONLY___ │
2026-05-18 13:26:29,813 INFO     ___FILE_ONLY___ 

2026-05-18 13:26:29,813 INFO     ___FILE_ONLY___ │ 
2026-05-18 13:26:29,813 INFO     ___FILE_ONLY___ gcloud Beta Commands   
2026-05-18 13:26:29,814 INFO     ___FILE_ONLY___  
2026-05-18 13:26:29,814 INFO     ___FILE_ONLY___ │ 
2026-05-18 13:26:29,814 INFO     ___FILE_ONLY___ 2026.05.08
2026-05-18 13:26:29,814 INFO     ___FILE_ONLY___  
2026-05-18 13:26:29,814 INFO     ___FILE_ONLY___ │ 
2026-05-18 13:26:29,815 INFO     ___FILE_ONLY___ < 1 MiB
2026-05-18 13:26:29,815 INFO     ___FILE_ONLY___  
2026-05-18 13:26:29,815 INFO     ___FILE_ONLY___ │
2026-05-18 13:26:29,815 INFO     ___FILE_ONLY___ 

2026-05-18 13:26:29,815 INFO     ___FILE_ONLY___ │ 
2026-05-18 13:26:29,815 INFO     ___FILE_ONLY___ gcloud Preview Commands
2026-05-18 13:26:29,815 INFO     ___FILE_ONLY___  
2026-05-18 13:26:29,815 INFO     ___FILE_ONLY___ │ 
2026-05-18 13:26:29,816 INFO     ___FILE_ONLY___ 2026.05.08
2026-05-18 13:26:29,816 INFO     ___FILE_ONLY___  
2026-05-18 13:26:29,816 INFO     ___FILE_ONLY___ │ 
2026-05-18 13:26:29,816 INFO     ___FILE_ONLY___ < 1 MiB
2026-05-18 13:26:29,816 INFO     ___FILE_ONLY___  
2026-05-18 13:26:29,816 INFO     ___FILE_ONLY___ │
2026-05-18 13:26:29,816 INFO     ___FILE_ONLY___ 

2026-05-18 13:26:29,816 INFO     ___FILE_ONLY___ └─────────────────────────┴────────────┴─────────┘
2026-05-18 13:26:29,816 INFO     ___FILE_ONLY___ 

2026-05-18 13:26:29,816 INFO     ___FILE_ONLY___ 

2026-05-18 13:26:29,817 DEBUG    root            On GCE from memory cache: False
2026-05-18 13:26:29,819 DEBUG    root            On GCE from memory cache: False
2026-05-18 13:26:29,821 DEBUG    urllib3.connectionpool Starting new HTTPS connection (1): dl.google.com:443
2026-05-18 13:26:29,901 DEBUG    urllib3.connectionpool https://dl.google.com:443 "GET /dl/cloudsdk/channels/rapid/RELEASE_NOTES HTTP/1.1" 200 363271
2026-05-18 13:26:30,540 INFO     ___FILE_ONLY___ For the latest full release notes, please visit:
  https://cloud.google.com/sdk/release_notes


2026-05-18 13:26:30,540 INFO     ___FILE_ONLY___ Performing in place update...


2026-05-18 13:26:30,543 INFO     ___FILE_ONLY___ ╔════════════════════════════════════════════════════════════╗

2026-05-18 13:26:30,543 INFO     ___FILE_ONLY___ ╠═ Downloading: gcloud Alpha Commands                       ═╣

2026-05-18 13:26:30,543 INFO     ___FILE_ONLY___ ╚
2026-05-18 13:26:30,544 DEBUG    root            On GCE from memory cache: False
2026-05-18 13:26:30,545 DEBUG    root            On GCE from memory cache: False
2026-05-18 13:26:30,546 DEBUG    urllib3.connectionpool Starting new HTTPS connection (1): dl.google.com:443
2026-05-18 13:26:30,626 DEBUG    urllib3.connectionpool https://dl.google.com:443 "GET /dl/cloudsdk/channels/rapid/components/google-cloud-sdk-alpha-20260508041647.tar.gz HTTP/1.1" 200 761
2026-05-18 13:26:30,626 INFO     ___FILE_ONLY___ ════════════════════════════════════════════════════════════
2026-05-18 13:26:30,626 INFO     ___FILE_ONLY___ ╝

2026-05-18 13:26:30,628 INFO     ___FILE_ONLY___ ╔════════════════════════════════════════════════════════════╗

2026-05-18 13:26:30,629 INFO     ___FILE_ONLY___ ╠═ Downloading: gcloud Beta Commands                        ═╣

2026-05-18 13:26:30,629 INFO     ___FILE_ONLY___ ╚
2026-05-18 13:26:30,630 DEBUG    root            On GCE from memory cache: False
2026-05-18 13:26:30,631 DEBUG    root            On GCE from memory cache: False
2026-05-18 13:26:30,632 DEBUG    urllib3.connectionpool Starting new HTTPS connection (1): dl.google.com:443
2026-05-18 13:26:30,772 DEBUG    urllib3.connectionpool https://dl.google.com:443 "GET /dl/cloudsdk/channels/rapid/components/google-cloud-sdk-beta-20260508041647.tar.gz HTTP/1.1" 200 758
2026-05-18 13:26:30,773 INFO     ___FILE_ONLY___ ════════════════════════════════════════════════════════════
2026-05-18 13:26:30,773 INFO     ___FILE_ONLY___ ╝

2026-05-18 13:26:30,775 INFO     ___FILE_ONLY___ ╔════════════════════════════════════════════════════════════╗

2026-05-18 13:26:30,775 INFO     ___FILE_ONLY___ ╠═ Downloading: gcloud Preview Commands                     ═╣

2026-05-18 13:26:30,775 INFO     ___FILE_ONLY___ ╚
2026-05-18 13:26:30,777 DEBUG    root            On GCE from memory cache: False
2026-05-18 13:26:30,778 DEBUG    root            On GCE from memory cache: False
2026-05-18 13:26:30,779 DEBUG    urllib3.connectionpool Starting new HTTPS connection (1): dl.google.com:443
2026-05-18 13:26:30,908 DEBUG    urllib3.connectionpool https://dl.google.com:443 "GET /dl/cloudsdk/channels/rapid/components/google-cloud-sdk-preview-20260508041647.tar.gz HTTP/1.1" 200 782
2026-05-18 13:26:30,908 INFO     ___FILE_ONLY___ ════════════════════════════════════════════════════════════
2026-05-18 13:26:30,908 INFO     ___FILE_ONLY___ ╝

2026-05-18 13:26:30,910 INFO     ___FILE_ONLY___ ╔════════════════════════════════════════════════════════════╗

2026-05-18 13:26:30,911 INFO     ___FILE_ONLY___ ╠═ Installing: gcloud Alpha Commands                        ═╣

2026-05-18 13:26:30,911 INFO     ___FILE_ONLY___ ╚
2026-05-18 13:26:30,912 INFO     ___FILE_ONLY___ ════════════════════════════════════════════════════════════
2026-05-18 13:26:30,913 INFO     ___FILE_ONLY___ ╝

2026-05-18 13:26:30,922 INFO     ___FILE_ONLY___ ╔════════════════════════════════════════════════════════════╗

2026-05-18 13:26:30,922 INFO     ___FILE_ONLY___ ╠═ Installing: gcloud Beta Commands                         ═╣

2026-05-18 13:26:30,922 INFO     ___FILE_ONLY___ ╚
2026-05-18 13:26:30,924 INFO     ___FILE_ONLY___ ════════════════════════════════════════════════════════════
2026-05-18 13:26:30,924 INFO     ___FILE_ONLY___ ╝

2026-05-18 13:26:30,930 INFO     ___FILE_ONLY___ ╔════════════════════════════════════════════════════════════╗

2026-05-18 13:26:30,930 INFO     ___FILE_ONLY___ ╠═ Installing: gcloud Preview Commands                      ═╣

2026-05-18 13:26:30,931 INFO     ___FILE_ONLY___ ╚
2026-05-18 13:26:30,932 INFO     ___FILE_ONLY___ ════════════════════════════════════════════════════════════
2026-05-18 13:26:30,932 INFO     ___FILE_ONLY___ ╝

2026-05-18 13:26:30,938 DEBUG    root            Updating notification cache...
2026-05-18 13:26:30,939 INFO     ___FILE_ONLY___ 

2026-05-18 13:26:30,941 INFO     ___FILE_ONLY___ Performing post processing steps...
2026-05-18 13:26:30,942 DEBUG    root            Executing command: ['/tools/google-cloud-sdk/bin/gcloud', 'components', 'post-process']
2026-05-18 13:26:47,707 DEBUG    ___FILE_ONLY___ 
2026-05-18 13:26:47,707 DEBUG    ___FILE_ONLY___ 
2026-05-18 13:26:47,968 INFO     root            descriptor_list: [{'universeDomain': 'googleapis.com', 'universeShortName': '', 'authenticationDomain': 'auth.cloud.google.com', 'projectPrefix': '', 'cloudWebDomain': 'cloud.google.com', 'documentationDomain': 'cloud.google.com', 'version': '1.0.0', 'state': 'primary', 'artifactRegistryDomain': 'pkg.dev'}]
2026-05-18 13:26:47,969 INFO     ___FILE_ONLY___ 
Update done!


2026-05-18 13:26:47,971 DEBUG    root            Chosen display Format:none
2026-05-18 13:26:47,972 INFO     root            Display format: "none"
