2026-05-18 13:25:54,748 DEBUG    root            Failed to read GCE cache file: [Errno 2] No such file or directory: '/content/.config/gce'
2026-05-18 13:26:06,774 DEBUG    root            Failed to check metadata server: <urlopen error timed out>
2026-05-18 13:26:06,774 DEBUG    root            On GCE from server: False
2026-05-18 13:26:06,777 DEBUG    root            Loaded Command Group: ['gcloud', 'components']
2026-05-18 13:26:06,781 DEBUG    root            Loaded Command Group: ['gcloud', 'components', 'update']
2026-05-18 13:26:06,784 DEBUG    root            Running [gcloud.components.update] with arguments: [--compile-python: "True", --quiet: "True", COMPONENT-IDS:6: "['core', 'gcloud-deps', 'bq', 'gcloud', 'gcloud-crc32c', 'gsutil']"]
2026-05-18 13:26:06,785 INFO     ___FILE_ONLY___ Beginning update. This process may take several minutes.

2026-05-18 13:26:06,810 DEBUG    root            On GCE from memory cache: False
2026-05-18 13:26:06,813 DEBUG    root            On GCE from memory cache: False
2026-05-18 13:26:06,817 DEBUG    urllib3.connectionpool Starting new HTTPS connection (1): dl.google.com:443
2026-05-18 13:26:06,899 DEBUG    urllib3.connectionpool https://dl.google.com:443 "GET /dl/cloudsdk/channels/rapid/components-2.json HTTP/1.1" 200 25078
2026-05-18 13:26:06,913 INFO     ___FILE_ONLY___ 

2026-05-18 13:26:06,913 INFO     ___FILE_ONLY___ 
Your current Google Cloud CLI version is: 568.0.0

2026-05-18 13:26:06,913 INFO     ___FILE_ONLY___ Installing components from version: 568.0.0

2026-05-18 13:26:06,913 INFO     ___FILE_ONLY___ 

2026-05-18 13:26:06,914 DEBUG    root            Chosen display Format:table[box,title="These components will be removed."](details.display_name:label=Name:align=left,version.version_string:label=Version:align=right,data.size.size(zero="",min=1048576):label=Size:align=right)
2026-05-18 13:26:06,914 DEBUG    root            Chosen display Format:table[box,title="These components will be updated."](details.display_name:label=Name:align=left,version.version_string:label=Version:align=right,data.size.size(zero="",min=1048576):label=Size:align=right)
2026-05-18 13:26:06,915 DEBUG    root            Chosen display Format:table[box,title="These components will be installed."](details.display_name:label=Name:align=left,version.version_string:label=Version:align=right,data.size.size(zero="",min=1048576):label=Size:align=right)
2026-05-18 13:26:06,963 INFO     ___FILE_ONLY___ ┌─────────────────────────────────────────────────────────────────────────────┐
2026-05-18 13:26:06,963 INFO     ___FILE_ONLY___ 

2026-05-18 13:26:06,964 INFO     ___FILE_ONLY___ │                     These components will be installed.                     │
2026-05-18 13:26:06,964 INFO     ___FILE_ONLY___ 

2026-05-18 13:26:06,964 INFO     ___FILE_ONLY___ ├─────────────────────────────────────────────────────┬────────────┬──────────┤
2026-05-18 13:26:06,964 INFO     ___FILE_ONLY___ 

2026-05-18 13:26:06,964 INFO     ___FILE_ONLY___ │                         Name                        │  Version   │   Size   │
2026-05-18 13:26:06,964 INFO     ___FILE_ONLY___ 

2026-05-18 13:26:06,964 INFO     ___FILE_ONLY___ ├─────────────────────────────────────────────────────┼────────────┼──────────┤
2026-05-18 13:26:06,964 INFO     ___FILE_ONLY___ 

2026-05-18 13:26:06,964 INFO     ___FILE_ONLY___ │ 
2026-05-18 13:26:06,964 INFO     ___FILE_ONLY___ BigQuery Command Line Tool                         
2026-05-18 13:26:06,965 INFO     ___FILE_ONLY___  
2026-05-18 13:26:06,965 INFO     ___FILE_ONLY___ │ 
2026-05-18 13:26:06,965 INFO     ___FILE_ONLY___     2.1.31
2026-05-18 13:26:06,965 INFO     ___FILE_ONLY___  
2026-05-18 13:26:06,965 INFO     ___FILE_ONLY___ │ 
2026-05-18 13:26:06,965 INFO     ___FILE_ONLY___  1.8 MiB
2026-05-18 13:26:06,965 INFO     ___FILE_ONLY___  
2026-05-18 13:26:06,965 INFO     ___FILE_ONLY___ │
2026-05-18 13:26:06,965 INFO     ___FILE_ONLY___ 

2026-05-18 13:26:06,965 INFO     ___FILE_ONLY___ │ 
2026-05-18 13:26:06,965 INFO     ___FILE_ONLY___ BigQuery Command Line Tool (Platform Specific)     
2026-05-18 13:26:06,965 INFO     ___FILE_ONLY___  
2026-05-18 13:26:06,966 INFO     ___FILE_ONLY___ │ 
2026-05-18 13:26:06,966 INFO     ___FILE_ONLY___     2.1.31
2026-05-18 13:26:06,966 INFO     ___FILE_ONLY___  
2026-05-18 13:26:06,966 INFO     ___FILE_ONLY___ │ 
2026-05-18 13:26:06,966 INFO     ___FILE_ONLY___  < 1 MiB
2026-05-18 13:26:06,966 INFO     ___FILE_ONLY___  
2026-05-18 13:26:06,966 INFO     ___FILE_ONLY___ │
2026-05-18 13:26:06,966 INFO     ___FILE_ONLY___ 

2026-05-18 13:26:06,966 INFO     ___FILE_ONLY___ │ 
2026-05-18 13:26:06,966 INFO     ___FILE_ONLY___ Bundled Python 3.14 (Platform Specific)            
2026-05-18 13:26:06,966 INFO     ___FILE_ONLY___  
2026-05-18 13:26:06,966 INFO     ___FILE_ONLY___ │ 
2026-05-18 13:26:06,966 INFO     ___FILE_ONLY___     3.14.4
2026-05-18 13:26:06,966 INFO     ___FILE_ONLY___  
2026-05-18 13:26:06,966 INFO     ___FILE_ONLY___ │ 
2026-05-18 13:26:06,966 INFO     ___FILE_ONLY___ 25.9 MiB
2026-05-18 13:26:06,966 INFO     ___FILE_ONLY___  
2026-05-18 13:26:06,966 INFO     ___FILE_ONLY___ │
2026-05-18 13:26:06,966 INFO     ___FILE_ONLY___ 

2026-05-18 13:26:06,966 INFO     ___FILE_ONLY___ │ 
2026-05-18 13:26:06,967 INFO     ___FILE_ONLY___ Cloud Storage Command Line Tool                    
2026-05-18 13:26:06,967 INFO     ___FILE_ONLY___  
2026-05-18 13:26:06,967 INFO     ___FILE_ONLY___ │ 
2026-05-18 13:26:06,967 INFO     ___FILE_ONLY___       5.37
2026-05-18 13:26:06,967 INFO     ___FILE_ONLY___  
2026-05-18 13:26:06,967 INFO     ___FILE_ONLY___ │ 
2026-05-18 13:26:06,967 INFO     ___FILE_ONLY___ 12.4 MiB
2026-05-18 13:26:06,967 INFO     ___FILE_ONLY___  
2026-05-18 13:26:06,967 INFO     ___FILE_ONLY___ │
2026-05-18 13:26:06,967 INFO     ___FILE_ONLY___ 

2026-05-18 13:26:06,967 INFO     ___FILE_ONLY___ │ 
2026-05-18 13:26:06,968 INFO     ___FILE_ONLY___ Cloud Storage Command Line Tool (Platform Specific)
2026-05-18 13:26:06,968 INFO     ___FILE_ONLY___  
2026-05-18 13:26:06,968 INFO     ___FILE_ONLY___ │ 
2026-05-18 13:26:06,968 INFO     ___FILE_ONLY___       5.36
2026-05-18 13:26:06,968 INFO     ___FILE_ONLY___  
2026-05-18 13:26:06,968 INFO     ___FILE_ONLY___ │ 
2026-05-18 13:26:06,968 INFO     ___FILE_ONLY___  < 1 MiB
2026-05-18 13:26:06,968 INFO     ___FILE_ONLY___  
2026-05-18 13:26:06,968 INFO     ___FILE_ONLY___ │
2026-05-18 13:26:06,968 INFO     ___FILE_ONLY___ 

2026-05-18 13:26:06,968 INFO     ___FILE_ONLY___ │ 
2026-05-18 13:26:06,968 INFO     ___FILE_ONLY___ Google Cloud CLI Core Libraries (Platform Specific)
2026-05-18 13:26:06,968 INFO     ___FILE_ONLY___  
2026-05-18 13:26:06,968 INFO     ___FILE_ONLY___ │ 
2026-05-18 13:26:06,968 INFO     ___FILE_ONLY___ 2026.04.24
2026-05-18 13:26:06,969 INFO     ___FILE_ONLY___  
2026-05-18 13:26:06,969 INFO     ___FILE_ONLY___ │ 
2026-05-18 13:26:06,969 INFO     ___FILE_ONLY___  < 1 MiB
2026-05-18 13:26:06,969 INFO     ___FILE_ONLY___  
2026-05-18 13:26:06,969 INFO     ___FILE_ONLY___ │
2026-05-18 13:26:06,969 INFO     ___FILE_ONLY___ 

2026-05-18 13:26:06,969 INFO     ___FILE_ONLY___ │ 
2026-05-18 13:26:06,969 INFO     ___FILE_ONLY___ Google Cloud CRC32C Hash Tool (Platform Specific)  
2026-05-18 13:26:06,969 INFO     ___FILE_ONLY___  
2026-05-18 13:26:06,969 INFO     ___FILE_ONLY___ │ 
2026-05-18 13:26:06,969 INFO     ___FILE_ONLY___      1.0.0
2026-05-18 13:26:06,969 INFO     ___FILE_ONLY___  
2026-05-18 13:26:06,969 INFO     ___FILE_ONLY___ │ 
2026-05-18 13:26:06,969 INFO     ___FILE_ONLY___  1.5 MiB
2026-05-18 13:26:06,969 INFO     ___FILE_ONLY___  
2026-05-18 13:26:06,969 INFO     ___FILE_ONLY___ │
2026-05-18 13:26:06,969 INFO     ___FILE_ONLY___ 

2026-05-18 13:26:06,969 INFO     ___FILE_ONLY___ │ 
2026-05-18 13:26:06,969 INFO     ___FILE_ONLY___ gcloud cli dependencies (Platform Specific)        
2026-05-18 13:26:06,970 INFO     ___FILE_ONLY___  
2026-05-18 13:26:06,970 INFO     ___FILE_ONLY___ │ 
2026-05-18 13:26:06,970 INFO     ___FILE_ONLY___ 2021.04.16
2026-05-18 13:26:06,970 INFO     ___FILE_ONLY___  
2026-05-18 13:26:06,970 INFO     ___FILE_ONLY___ │ 
2026-05-18 13:26:06,970 INFO     ___FILE_ONLY___  < 1 MiB
2026-05-18 13:26:06,970 INFO     ___FILE_ONLY___  
2026-05-18 13:26:06,970 INFO     ___FILE_ONLY___ │
2026-05-18 13:26:06,970 INFO     ___FILE_ONLY___ 

2026-05-18 13:26:06,970 INFO     ___FILE_ONLY___ └─────────────────────────────────────────────────────┴────────────┴──────────┘
2026-05-18 13:26:06,970 INFO     ___FILE_ONLY___ 

2026-05-18 13:26:06,970 INFO     ___FILE_ONLY___ 

2026-05-18 13:26:06,972 DEBUG    root            On GCE from memory cache: False
2026-05-18 13:26:06,974 DEBUG    root            On GCE from memory cache: False
2026-05-18 13:26:06,975 DEBUG    urllib3.connectionpool Starting new HTTPS connection (1): dl.google.com:443
2026-05-18 13:26:07,055 DEBUG    urllib3.connectionpool https://dl.google.com:443 "GET /dl/cloudsdk/channels/rapid/RELEASE_NOTES HTTP/1.1" 200 363271
2026-05-18 13:26:07,618 INFO     ___FILE_ONLY___ For the latest full release notes, please visit:
  https://cloud.google.com/sdk/release_notes


2026-05-18 13:26:07,619 INFO     ___FILE_ONLY___ Performing in place update...


2026-05-18 13:26:07,622 INFO     ___FILE_ONLY___ ╔════════════════════════════════════════════════════════════╗

2026-05-18 13:26:07,622 INFO     ___FILE_ONLY___ ╠═ Downloading: BigQuery Command Line Tool                  ═╣

2026-05-18 13:26:07,622 INFO     ___FILE_ONLY___ ╚
2026-05-18 13:26:07,623 DEBUG    root            On GCE from memory cache: False
2026-05-18 13:26:07,624 DEBUG    root            On GCE from memory cache: False
2026-05-18 13:26:07,625 DEBUG    urllib3.connectionpool Starting new HTTPS connection (1): dl.google.com:443
2026-05-18 13:26:07,710 DEBUG    urllib3.connectionpool https://dl.google.com:443 "GET /dl/cloudsdk/channels/rapid/components/google-cloud-sdk-bq-20260327141905.tar.gz HTTP/1.1" 200 1931708
2026-05-18 13:26:07,723 INFO     ___FILE_ONLY___ ═
2026-05-18 13:26:07,723 INFO     ___FILE_ONLY___ ═
2026-05-18 13:26:07,723 INFO     ___FILE_ONLY___ ═
2026-05-18 13:26:07,723 INFO     ___FILE_ONLY___ ═
2026-05-18 13:26:07,723 INFO     ___FILE_ONLY___ ═
2026-05-18 13:26:07,724 INFO     ___FILE_ONLY___ ═
2026-05-18 13:26:07,724 INFO     ___FILE_ONLY___ ═
2026-05-18 13:26:07,724 INFO     ___FILE_ONLY___ ═
2026-05-18 13:26:07,724 INFO     ___FILE_ONLY___ ═
2026-05-18 13:26:07,724 INFO     ___FILE_ONLY___ ═
2026-05-18 13:26:07,725 INFO     ___FILE_ONLY___ ═
2026-05-18 13:26:07,725 INFO     ___FILE_ONLY___ ═
2026-05-18 13:26:07,725 INFO     ___FILE_ONLY___ ═
2026-05-18 13:26:07,725 INFO     ___FILE_ONLY___ ═
2026-05-18 13:26:07,725 INFO     ___FILE_ONLY___ ═
2026-05-18 13:26:07,725 INFO     ___FILE_ONLY___ ═
2026-05-18 13:26:07,726 INFO     ___FILE_ONLY___ ═
2026-05-18 13:26:07,726 INFO     ___FILE_ONLY___ ═
2026-05-18 13:26:07,726 INFO     ___FILE_ONLY___ ═
2026-05-18 13:26:07,726 INFO     ___FILE_ONLY___ ═
2026-05-18 13:26:07,726 INFO     ___FILE_ONLY___ ═
2026-05-18 13:26:07,726 INFO     ___FILE_ONLY___ ═
2026-05-18 13:26:07,727 INFO     ___FILE_ONLY___ ═
2026-05-18 13:26:07,727 INFO     ___FILE_ONLY___ ═
2026-05-18 13:26:07,727 INFO     ___FILE_ONLY___ ═
2026-05-18 13:26:07,727 INFO     ___FILE_ONLY___ ═
2026-05-18 13:26:07,728 INFO     ___FILE_ONLY___ ═
2026-05-18 13:26:07,728 INFO     ___FILE_ONLY___ ═
2026-05-18 13:26:07,728 INFO     ___FILE_ONLY___ ═
2026-05-18 13:26:07,728 INFO     ___FILE_ONLY___ ═
2026-05-18 13:26:07,728 INFO     ___FILE_ONLY___ ═
2026-05-18 13:26:07,728 INFO     ___FILE_ONLY___ ═
2026-05-18 13:26:07,728 INFO     ___FILE_ONLY___ ═
2026-05-18 13:26:07,728 INFO     ___FILE_ONLY___ ═
2026-05-18 13:26:07,729 INFO     ___FILE_ONLY___ ═
2026-05-18 13:26:07,729 INFO     ___FILE_ONLY___ ═
2026-05-18 13:26:07,729 INFO     ___FILE_ONLY___ ═
2026-05-18 13:26:07,729 INFO     ___FILE_ONLY___ ═
2026-05-18 13:26:07,729 INFO     ___FILE_ONLY___ ═
2026-05-18 13:26:07,729 INFO     ___FILE_ONLY___ ═
2026-05-18 13:26:07,729 INFO     ___FILE_ONLY___ ═
2026-05-18 13:26:07,729 INFO     ___FILE_ONLY___ ═
2026-05-18 13:26:07,729 INFO     ___FILE_ONLY___ ═
2026-05-18 13:26:07,729 INFO     ___FILE_ONLY___ ═
2026-05-18 13:26:07,729 INFO     ___FILE_ONLY___ ═
2026-05-18 13:26:07,730 INFO     ___FILE_ONLY___ ═
2026-05-18 13:26:07,730 INFO     ___FILE_ONLY___ ═
2026-05-18 13:26:07,730 INFO     ___FILE_ONLY___ ═
2026-05-18 13:26:07,730 INFO     ___FILE_ONLY___ ═
2026-05-18 13:26:07,730 INFO     ___FILE_ONLY___ ═
2026-05-18 13:26:07,730 INFO     ___FILE_ONLY___ ═
2026-05-18 13:26:07,731 INFO     ___FILE_ONLY___ ═
2026-05-18 13:26:07,731 INFO     ___FILE_ONLY___ ═
2026-05-18 13:26:07,731 INFO     ___FILE_ONLY___ ═
2026-05-18 13:26:07,731 INFO     ___FILE_ONLY___ ═
2026-05-18 13:26:07,731 INFO     ___FILE_ONLY___ ═
2026-05-18 13:26:07,731 INFO     ___FILE_ONLY___ ═
2026-05-18 13:26:07,731 INFO     ___FILE_ONLY___ ═
2026-05-18 13:26:07,731 INFO     ___FILE_ONLY___ ═
2026-05-18 13:26:07,731 INFO     ___FILE_ONLY___ ═
2026-05-18 13:26:07,731 INFO     ___FILE_ONLY___ ╝

2026-05-18 13:26:07,734 INFO     ___FILE_ONLY___ ╔════════════════════════════════════════════════════════════╗

2026-05-18 13:26:07,734 INFO     ___FILE_ONLY___ ╠═ Downloading: BigQuery Command Line Tool (Platform Spe... ═╣

2026-05-18 13:26:07,734 INFO     ___FILE_ONLY___ ╚
2026-05-18 13:26:07,735 DEBUG    root            On GCE from memory cache: False
2026-05-18 13:26:07,737 DEBUG    root            On GCE from memory cache: False
2026-05-18 13:26:07,738 DEBUG    urllib3.connectionpool Starting new HTTPS connection (1): dl.google.com:443
2026-05-18 13:26:07,767 DEBUG    urllib3.connectionpool https://dl.google.com:443 "GET /dl/cloudsdk/channels/rapid/components/google-cloud-sdk-bq-nix-20260424041539.tar.gz HTTP/1.1" 200 1948
2026-05-18 13:26:07,768 INFO     ___FILE_ONLY___ ════════════════════════════════════════════════════════════
2026-05-18 13:26:07,768 INFO     ___FILE_ONLY___ ╝

2026-05-18 13:26:07,770 INFO     ___FILE_ONLY___ ╔════════════════════════════════════════════════════════════╗

2026-05-18 13:26:07,770 INFO     ___FILE_ONLY___ ╠═ Downloading: Bundled Python 3.14                         ═╣

2026-05-18 13:26:07,770 INFO     ___FILE_ONLY___ ╚
2026-05-18 13:26:07,771 INFO     ___FILE_ONLY___ ════════════════════════════════════════════════════════════
2026-05-18 13:26:07,771 INFO     ___FILE_ONLY___ ╝

2026-05-18 13:26:07,774 INFO     ___FILE_ONLY___ ╔════════════════════════════════════════════════════════════╗

2026-05-18 13:26:07,774 INFO     ___FILE_ONLY___ ╠═ Downloading: Bundled Python 3.14 (Platform Specific)     ═╣

2026-05-18 13:26:07,774 INFO     ___FILE_ONLY___ ╚
2026-05-18 13:26:07,775 DEBUG    root            On GCE from memory cache: False
2026-05-18 13:26:07,776 DEBUG    root            On GCE from memory cache: False
2026-05-18 13:26:07,777 DEBUG    urllib3.connectionpool Starting new HTTPS connection (1): dl.google.com:443
2026-05-18 13:26:07,860 DEBUG    urllib3.connectionpool https://dl.google.com:443 "GET /dl/cloudsdk/channels/rapid/components/google-cloud-sdk-bundled-python3-unix-linux-x86_64-20260508041647.tar.gz HTTP/1.1" 200 27141728
2026-05-18 13:26:07,969 INFO     ___FILE_ONLY___ ═
2026-05-18 13:26:07,970 INFO     ___FILE_ONLY___ ═
2026-05-18 13:26:07,971 INFO     ___FILE_ONLY___ ═
2026-05-18 13:26:07,972 INFO     ___FILE_ONLY___ ═
2026-05-18 13:26:07,973 INFO     ___FILE_ONLY___ ═
2026-05-18 13:26:07,974 INFO     ___FILE_ONLY___ ═
2026-05-18 13:26:07,975 INFO     ___FILE_ONLY___ ═
2026-05-18 13:26:07,976 INFO     ___FILE_ONLY___ ═
2026-05-18 13:26:07,977 INFO     ___FILE_ONLY___ ═
2026-05-18 13:26:07,977 INFO     ___FILE_ONLY___ ═
2026-05-18 13:26:07,978 INFO     ___FILE_ONLY___ ═
2026-05-18 13:26:07,979 INFO     ___FILE_ONLY___ ═
2026-05-18 13:26:07,980 INFO     ___FILE_ONLY___ ═
2026-05-18 13:26:07,981 INFO     ___FILE_ONLY___ ═
2026-05-18 13:26:07,982 INFO     ___FILE_ONLY___ ═
2026-05-18 13:26:07,982 INFO     ___FILE_ONLY___ ═
2026-05-18 13:26:07,983 INFO     ___FILE_ONLY___ ═
2026-05-18 13:26:07,984 INFO     ___FILE_ONLY___ ═
2026-05-18 13:26:07,985 INFO     ___FILE_ONLY___ ═
2026-05-18 13:26:07,986 INFO     ___FILE_ONLY___ ═
2026-05-18 13:26:07,987 INFO     ___FILE_ONLY___ ═
2026-05-18 13:26:07,987 INFO     ___FILE_ONLY___ ═
2026-05-18 13:26:07,988 INFO     ___FILE_ONLY___ ═
2026-05-18 13:26:07,989 INFO     ___FILE_ONLY___ ═
2026-05-18 13:26:07,990 INFO     ___FILE_ONLY___ ═
2026-05-18 13:26:07,991 INFO     ___FILE_ONLY___ ═
2026-05-18 13:26:07,992 INFO     ___FILE_ONLY___ ═
2026-05-18 13:26:07,992 INFO     ___FILE_ONLY___ ═
2026-05-18 13:26:07,993 INFO     ___FILE_ONLY___ ═
2026-05-18 13:26:07,994 INFO     ___FILE_ONLY___ ═
2026-05-18 13:26:07,995 INFO     ___FILE_ONLY___ ═
2026-05-18 13:26:07,995 INFO     ___FILE_ONLY___ ═
2026-05-18 13:26:07,996 INFO     ___FILE_ONLY___ ═
2026-05-18 13:26:07,997 INFO     ___FILE_ONLY___ ═
2026-05-18 13:26:07,998 INFO     ___FILE_ONLY___ ═
2026-05-18 13:26:07,999 INFO     ___FILE_ONLY___ ═
2026-05-18 13:26:07,999 INFO     ___FILE_ONLY___ ═
2026-05-18 13:26:08,000 INFO     ___FILE_ONLY___ ═
2026-05-18 13:26:08,001 INFO     ___FILE_ONLY___ ═
2026-05-18 13:26:08,002 INFO     ___FILE_ONLY___ ═
2026-05-18 13:26:08,003 INFO     ___FILE_ONLY___ ═
2026-05-18 13:26:08,003 INFO     ___FILE_ONLY___ ═
2026-05-18 13:26:08,004 INFO     ___FILE_ONLY___ ═
2026-05-18 13:26:08,005 INFO     ___FILE_ONLY___ ═
2026-05-18 13:26:08,006 INFO     ___FILE_ONLY___ ═
2026-05-18 13:26:08,007 INFO     ___FILE_ONLY___ ═
2026-05-18 13:26:08,008 INFO     ___FILE_ONLY___ ═
2026-05-18 13:26:08,008 INFO     ___FILE_ONLY___ ═
2026-05-18 13:26:08,009 INFO     ___FILE_ONLY___ ═
2026-05-18 13:26:08,010 INFO     ___FILE_ONLY___ ═
2026-05-18 13:26:08,011 INFO     ___FILE_ONLY___ ═
2026-05-18 13:26:08,011 INFO     ___FILE_ONLY___ ═
2026-05-18 13:26:08,013 INFO     ___FILE_ONLY___ ═
2026-05-18 13:26:08,013 INFO     ___FILE_ONLY___ ═
2026-05-18 13:26:08,014 INFO     ___FILE_ONLY___ ═
2026-05-18 13:26:08,015 INFO     ___FILE_ONLY___ ═
2026-05-18 13:26:08,015 INFO     ___FILE_ONLY___ ═
2026-05-18 13:26:08,016 INFO     ___FILE_ONLY___ ═
2026-05-18 13:26:08,017 INFO     ___FILE_ONLY___ ═
2026-05-18 13:26:08,017 INFO     ___FILE_ONLY___ ═
2026-05-18 13:26:08,017 INFO     ___FILE_ONLY___ ╝

2026-05-18 13:26:08,020 INFO     ___FILE_ONLY___ ╔════════════════════════════════════════════════════════════╗

2026-05-18 13:26:08,020 INFO     ___FILE_ONLY___ ╠═ Downloading: Cloud Storage Command Line Tool             ═╣

2026-05-18 13:26:08,020 INFO     ___FILE_ONLY___ ╚
2026-05-18 13:26:08,021 DEBUG    root            On GCE from memory cache: False
2026-05-18 13:26:08,022 DEBUG    root            On GCE from memory cache: False
2026-05-18 13:26:08,023 DEBUG    urllib3.connectionpool Starting new HTTPS connection (1): dl.google.com:443
2026-05-18 13:26:08,104 DEBUG    urllib3.connectionpool https://dl.google.com:443 "GET /dl/cloudsdk/channels/rapid/components/google-cloud-sdk-gsutil-20260501041631.tar.gz HTTP/1.1" 200 12967034
2026-05-18 13:26:08,150 INFO     ___FILE_ONLY___ ═
2026-05-18 13:26:08,150 INFO     ___FILE_ONLY___ ═
2026-05-18 13:26:08,151 INFO     ___FILE_ONLY___ ═
2026-05-18 13:26:08,151 INFO     ___FILE_ONLY___ ═
2026-05-18 13:26:08,152 INFO     ___FILE_ONLY___ ═
2026-05-18 13:26:08,152 INFO     ___FILE_ONLY___ ═
2026-05-18 13:26:08,153 INFO     ___FILE_ONLY___ ═
2026-05-18 13:26:08,153 INFO     ___FILE_ONLY___ ═
2026-05-18 13:26:08,153 INFO     ___FILE_ONLY___ ═
2026-05-18 13:26:08,154 INFO     ___FILE_ONLY___ ═
2026-05-18 13:26:08,154 INFO     ___FILE_ONLY___ ═
2026-05-18 13:26:08,155 INFO     ___FILE_ONLY___ ═
2026-05-18 13:26:08,155 INFO     ___FILE_ONLY___ ═
2026-05-18 13:26:08,156 INFO     ___FILE_ONLY___ ═
2026-05-18 13:26:08,156 INFO     ___FILE_ONLY___ ═
2026-05-18 13:26:08,157 INFO     ___FILE_ONLY___ ═
2026-05-18 13:26:08,157 INFO     ___FILE_ONLY___ ═
2026-05-18 13:26:08,158 INFO     ___FILE_ONLY___ ═
2026-05-18 13:26:08,158 INFO     ___FILE_ONLY___ ═
2026-05-18 13:26:08,158 INFO     ___FILE_ONLY___ ═
2026-05-18 13:26:08,159 INFO     ___FILE_ONLY___ ═
2026-05-18 13:26:08,159 INFO     ___FILE_ONLY___ ═
2026-05-18 13:26:08,160 INFO     ___FILE_ONLY___ ═
2026-05-18 13:26:08,160 INFO     ___FILE_ONLY___ ═
2026-05-18 13:26:08,161 INFO     ___FILE_ONLY___ ═
2026-05-18 13:26:08,161 INFO     ___FILE_ONLY___ ═
2026-05-18 13:26:08,162 INFO     ___FILE_ONLY___ ═
2026-05-18 13:26:08,162 INFO     ___FILE_ONLY___ ═
2026-05-18 13:26:08,162 INFO     ___FILE_ONLY___ ═
2026-05-18 13:26:08,163 INFO     ___FILE_ONLY___ ═
2026-05-18 13:26:08,163 INFO     ___FILE_ONLY___ ═
2026-05-18 13:26:08,164 INFO     ___FILE_ONLY___ ═
2026-05-18 13:26:08,164 INFO     ___FILE_ONLY___ ═
2026-05-18 13:26:08,165 INFO     ___FILE_ONLY___ ═
2026-05-18 13:26:08,165 INFO     ___FILE_ONLY___ ═
2026-05-18 13:26:08,165 INFO     ___FILE_ONLY___ ═
2026-05-18 13:26:08,166 INFO     ___FILE_ONLY___ ═
2026-05-18 13:26:08,166 INFO     ___FILE_ONLY___ ═
2026-05-18 13:26:08,167 INFO     ___FILE_ONLY___ ═
2026-05-18 13:26:08,167 INFO     ___FILE_ONLY___ ═
2026-05-18 13:26:08,168 INFO     ___FILE_ONLY___ ═
2026-05-18 13:26:08,168 INFO     ___FILE_ONLY___ ═
2026-05-18 13:26:08,169 INFO     ___FILE_ONLY___ ═
2026-05-18 13:26:08,169 INFO     ___FILE_ONLY___ ═
2026-05-18 13:26:08,169 INFO     ___FILE_ONLY___ ═
2026-05-18 13:26:08,170 INFO     ___FILE_ONLY___ ═
2026-05-18 13:26:08,170 INFO     ___FILE_ONLY___ ═
2026-05-18 13:26:08,171 INFO     ___FILE_ONLY___ ═
2026-05-18 13:26:08,171 INFO     ___FILE_ONLY___ ═
2026-05-18 13:26:08,171 INFO     ___FILE_ONLY___ ═
2026-05-18 13:26:08,172 INFO     ___FILE_ONLY___ ═
2026-05-18 13:26:08,172 INFO     ___FILE_ONLY___ ═
2026-05-18 13:26:08,173 INFO     ___FILE_ONLY___ ═
2026-05-18 13:26:08,173 INFO     ___FILE_ONLY___ ═
2026-05-18 13:26:08,174 INFO     ___FILE_ONLY___ ═
2026-05-18 13:26:08,174 INFO     ___FILE_ONLY___ ═
2026-05-18 13:26:08,174 INFO     ___FILE_ONLY___ ═
2026-05-18 13:26:08,175 INFO     ___FILE_ONLY___ ═
2026-05-18 13:26:08,175 INFO     ___FILE_ONLY___ ═
2026-05-18 13:26:08,176 INFO     ___FILE_ONLY___ ═
2026-05-18 13:26:08,176 INFO     ___FILE_ONLY___ ╝

2026-05-18 13:26:08,178 INFO     ___FILE_ONLY___ ╔════════════════════════════════════════════════════════════╗

2026-05-18 13:26:08,178 INFO     ___FILE_ONLY___ ╠═ Downloading: Cloud Storage Command Line Tool (Platfor... ═╣

2026-05-18 13:26:08,178 INFO     ___FILE_ONLY___ ╚
2026-05-18 13:26:08,179 DEBUG    root            On GCE from memory cache: False
2026-05-18 13:26:08,180 DEBUG    root            On GCE from memory cache: False
2026-05-18 13:26:08,181 DEBUG    urllib3.connectionpool Starting new HTTPS connection (1): dl.google.com:443
2026-05-18 13:26:08,259 DEBUG    urllib3.connectionpool https://dl.google.com:443 "GET /dl/cloudsdk/channels/rapid/components/google-cloud-sdk-gsutil-nix-20260424041539.tar.gz HTTP/1.1" 200 1963
2026-05-18 13:26:08,259 INFO     ___FILE_ONLY___ ════════════════════════════════════════════════════════════
2026-05-18 13:26:08,259 INFO     ___FILE_ONLY___ ╝

2026-05-18 13:26:08,262 INFO     ___FILE_ONLY___ ╔════════════════════════════════════════════════════════════╗

2026-05-18 13:26:08,262 INFO     ___FILE_ONLY___ ╠═ Downloading: Default set of gcloud commands              ═╣

2026-05-18 13:26:08,262 INFO     ___FILE_ONLY___ ╚
2026-05-18 13:26:08,263 INFO     ___FILE_ONLY___ ════════════════════════════════════════════════════════════
2026-05-18 13:26:08,263 INFO     ___FILE_ONLY___ ╝

2026-05-18 13:26:08,265 INFO     ___FILE_ONLY___ ╔════════════════════════════════════════════════════════════╗

2026-05-18 13:26:08,265 INFO     ___FILE_ONLY___ ╠═ Downloading: Google Cloud CLI Core Libraries (Platfor... ═╣

2026-05-18 13:26:08,265 INFO     ___FILE_ONLY___ ╚
2026-05-18 13:26:08,266 DEBUG    root            On GCE from memory cache: False
2026-05-18 13:26:08,268 DEBUG    root            On GCE from memory cache: False
2026-05-18 13:26:08,269 DEBUG    urllib3.connectionpool Starting new HTTPS connection (1): dl.google.com:443
2026-05-18 13:26:08,347 DEBUG    urllib3.connectionpool https://dl.google.com:443 "GET /dl/cloudsdk/channels/rapid/components/google-cloud-sdk-core-nix-20260424041539.tar.gz HTTP/1.1" 200 2342
2026-05-18 13:26:08,348 INFO     ___FILE_ONLY___ ════════════════════════════════════════════════════════════
2026-05-18 13:26:08,348 INFO     ___FILE_ONLY___ ╝

2026-05-18 13:26:08,350 INFO     ___FILE_ONLY___ ╔════════════════════════════════════════════════════════════╗

2026-05-18 13:26:08,350 INFO     ___FILE_ONLY___ ╠═ Downloading: Google Cloud CRC32C Hash Tool               ═╣

2026-05-18 13:26:08,350 INFO     ___FILE_ONLY___ ╚
2026-05-18 13:26:08,350 INFO     ___FILE_ONLY___ ════════════════════════════════════════════════════════════
2026-05-18 13:26:08,350 INFO     ___FILE_ONLY___ ╝

2026-05-18 13:26:08,352 INFO     ___FILE_ONLY___ ╔════════════════════════════════════════════════════════════╗

2026-05-18 13:26:08,352 INFO     ___FILE_ONLY___ ╠═ Downloading: Google Cloud CRC32C Hash Tool (Platform ... ═╣

2026-05-18 13:26:08,353 INFO     ___FILE_ONLY___ ╚
2026-05-18 13:26:08,354 DEBUG    root            On GCE from memory cache: False
2026-05-18 13:26:08,355 DEBUG    root            On GCE from memory cache: False
2026-05-18 13:26:08,356 DEBUG    urllib3.connectionpool Starting new HTTPS connection (1): dl.google.com:443
2026-05-18 13:26:08,482 DEBUG    urllib3.connectionpool https://dl.google.com:443 "GET /dl/cloudsdk/channels/rapid/components/google-cloud-sdk-gcloud-crc32c-linux-x86_64-20260424041539.tar.gz HTTP/1.1" 200 1609375
2026-05-18 13:26:08,493 INFO     ___FILE_ONLY___ ═
2026-05-18 13:26:08,493 INFO     ___FILE_ONLY___ ═
2026-05-18 13:26:08,493 INFO     ___FILE_ONLY___ ═
2026-05-18 13:26:08,493 INFO     ___FILE_ONLY___ ═
2026-05-18 13:26:08,493 INFO     ___FILE_ONLY___ ═
2026-05-18 13:26:08,493 INFO     ___FILE_ONLY___ ═
2026-05-18 13:26:08,493 INFO     ___FILE_ONLY___ ═
2026-05-18 13:26:08,493 INFO     ___FILE_ONLY___ ═
2026-05-18 13:26:08,493 INFO     ___FILE_ONLY___ ═
2026-05-18 13:26:08,493 INFO     ___FILE_ONLY___ ═
2026-05-18 13:26:08,494 INFO     ___FILE_ONLY___ ═
2026-05-18 13:26:08,494 INFO     ___FILE_ONLY___ ═
2026-05-18 13:26:08,494 INFO     ___FILE_ONLY___ ═
2026-05-18 13:26:08,494 INFO     ___FILE_ONLY___ ═
2026-05-18 13:26:08,494 INFO     ___FILE_ONLY___ ═
2026-05-18 13:26:08,494 INFO     ___FILE_ONLY___ ═
2026-05-18 13:26:08,494 INFO     ___FILE_ONLY___ ═
2026-05-18 13:26:08,494 INFO     ___FILE_ONLY___ ═
2026-05-18 13:26:08,494 INFO     ___FILE_ONLY___ ═
2026-05-18 13:26:08,494 INFO     ___FILE_ONLY___ ═
2026-05-18 13:26:08,494 INFO     ___FILE_ONLY___ ═
2026-05-18 13:26:08,495 INFO     ___FILE_ONLY___ ═
2026-05-18 13:26:08,495 INFO     ___FILE_ONLY___ ═
2026-05-18 13:26:08,495 INFO     ___FILE_ONLY___ ═
2026-05-18 13:26:08,495 INFO     ___FILE_ONLY___ ═
2026-05-18 13:26:08,495 INFO     ___FILE_ONLY___ ═
2026-05-18 13:26:08,495 INFO     ___FILE_ONLY___ ═
2026-05-18 13:26:08,495 INFO     ___FILE_ONLY___ ═
2026-05-18 13:26:08,495 INFO     ___FILE_ONLY___ ═
2026-05-18 13:26:08,495 INFO     ___FILE_ONLY___ ═
2026-05-18 13:26:08,495 INFO     ___FILE_ONLY___ ═
2026-05-18 13:26:08,495 INFO     ___FILE_ONLY___ ═
2026-05-18 13:26:08,496 INFO     ___FILE_ONLY___ ═
2026-05-18 13:26:08,496 INFO     ___FILE_ONLY___ ═
2026-05-18 13:26:08,496 INFO     ___FILE_ONLY___ ═
2026-05-18 13:26:08,496 INFO     ___FILE_ONLY___ ═
2026-05-18 13:26:08,496 INFO     ___FILE_ONLY___ ═
2026-05-18 13:26:08,496 INFO     ___FILE_ONLY___ ═
2026-05-18 13:26:08,496 INFO     ___FILE_ONLY___ ═
2026-05-18 13:26:08,496 INFO     ___FILE_ONLY___ ═
2026-05-18 13:26:08,496 INFO     ___FILE_ONLY___ ═
2026-05-18 13:26:08,496 INFO     ___FILE_ONLY___ ═
2026-05-18 13:26:08,497 INFO     ___FILE_ONLY___ ═
2026-05-18 13:26:08,497 INFO     ___FILE_ONLY___ ═
2026-05-18 13:26:08,497 INFO     ___FILE_ONLY___ ═
2026-05-18 13:26:08,498 INFO     ___FILE_ONLY___ ═
2026-05-18 13:26:08,498 INFO     ___FILE_ONLY___ ═
2026-05-18 13:26:08,498 INFO     ___FILE_ONLY___ ═
2026-05-18 13:26:08,498 INFO     ___FILE_ONLY___ ═
2026-05-18 13:26:08,498 INFO     ___FILE_ONLY___ ═
2026-05-18 13:26:08,498 INFO     ___FILE_ONLY___ ═
2026-05-18 13:26:08,498 INFO     ___FILE_ONLY___ ═
2026-05-18 13:26:08,498 INFO     ___FILE_ONLY___ ═
2026-05-18 13:26:08,498 INFO     ___FILE_ONLY___ ═
2026-05-18 13:26:08,498 INFO     ___FILE_ONLY___ ═
2026-05-18 13:26:08,499 INFO     ___FILE_ONLY___ ═
2026-05-18 13:26:08,499 INFO     ___FILE_ONLY___ ═
2026-05-18 13:26:08,499 INFO     ___FILE_ONLY___ ═
2026-05-18 13:26:08,499 INFO     ___FILE_ONLY___ ═
2026-05-18 13:26:08,499 INFO     ___FILE_ONLY___ ═
2026-05-18 13:26:08,499 INFO     ___FILE_ONLY___ ╝

2026-05-18 13:26:08,501 INFO     ___FILE_ONLY___ ╔════════════════════════════════════════════════════════════╗

2026-05-18 13:26:08,502 INFO     ___FILE_ONLY___ ╠═ Downloading: gcloud cli dependencies (Platform Specific) ═╣

2026-05-18 13:26:08,502 INFO     ___FILE_ONLY___ ╚
2026-05-18 13:26:08,503 DEBUG    root            On GCE from memory cache: False
2026-05-18 13:26:08,504 DEBUG    root            On GCE from memory cache: False
2026-05-18 13:26:08,505 DEBUG    urllib3.connectionpool Starting new HTTPS connection (1): dl.google.com:443
2026-05-18 13:26:08,589 DEBUG    urllib3.connectionpool https://dl.google.com:443 "GET /dl/cloudsdk/channels/rapid/components/google-cloud-sdk-gcloud-deps-linux-x86_64-20210416153011.tar.gz HTTP/1.1" 200 104
2026-05-18 13:26:08,590 INFO     ___FILE_ONLY___ ════════════════════════════════════════════════════════════
2026-05-18 13:26:08,590 INFO     ___FILE_ONLY___ ╝

2026-05-18 13:26:08,592 INFO     ___FILE_ONLY___ ╔════════════════════════════════════════════════════════════╗

2026-05-18 13:26:08,592 INFO     ___FILE_ONLY___ ╠═ Installing: BigQuery Command Line Tool                   ═╣

2026-05-18 13:26:08,593 INFO     ___FILE_ONLY___ ╚
2026-05-18 13:26:08,697 INFO     ___FILE_ONLY___ ═
2026-05-18 13:26:08,701 INFO     ___FILE_ONLY___ ═
2026-05-18 13:26:08,704 INFO     ___FILE_ONLY___ ═
2026-05-18 13:26:08,707 INFO     ___FILE_ONLY___ ═
2026-05-18 13:26:08,711 INFO     ___FILE_ONLY___ ═
2026-05-18 13:26:08,714 INFO     ___FILE_ONLY___ ═
2026-05-18 13:26:08,716 INFO     ___FILE_ONLY___ ═
2026-05-18 13:26:08,719 INFO     ___FILE_ONLY___ ═
2026-05-18 13:26:08,721 INFO     ___FILE_ONLY___ ═
2026-05-18 13:26:08,725 INFO     ___FILE_ONLY___ ═
2026-05-18 13:26:08,727 INFO     ___FILE_ONLY___ ═
2026-05-18 13:26:08,731 INFO     ___FILE_ONLY___ ═
2026-05-18 13:26:08,735 INFO     ___FILE_ONLY___ ═
2026-05-18 13:26:08,738 INFO     ___FILE_ONLY___ ═
2026-05-18 13:26:08,742 INFO     ___FILE_ONLY___ ═
2026-05-18 13:26:08,744 INFO     ___FILE_ONLY___ ═
2026-05-18 13:26:08,747 INFO     ___FILE_ONLY___ ═
2026-05-18 13:26:08,750 INFO     ___FILE_ONLY___ ═
2026-05-18 13:26:08,753 INFO     ___FILE_ONLY___ ═
2026-05-18 13:26:08,756 INFO     ___FILE_ONLY___ ═
2026-05-18 13:26:08,759 INFO     ___FILE_ONLY___ ═
2026-05-18 13:26:08,761 INFO     ___FILE_ONLY___ ═
2026-05-18 13:26:08,763 INFO     ___FILE_ONLY___ ═
2026-05-18 13:26:08,766 INFO     ___FILE_ONLY___ ═
2026-05-18 13:26:08,769 INFO     ___FILE_ONLY___ ═
2026-05-18 13:26:08,771 INFO     ___FILE_ONLY___ ═
2026-05-18 13:26:08,773 INFO     ___FILE_ONLY___ ═
2026-05-18 13:26:08,776 INFO     ___FILE_ONLY___ ═
2026-05-18 13:26:08,778 INFO     ___FILE_ONLY___ ═
2026-05-18 13:26:08,781 INFO     ___FILE_ONLY___ ═
2026-05-18 13:26:08,783 INFO     ___FILE_ONLY___ ═
2026-05-18 13:26:08,785 INFO     ___FILE_ONLY___ ═
2026-05-18 13:26:08,787 INFO     ___FILE_ONLY___ ═
2026-05-18 13:26:08,791 INFO     ___FILE_ONLY___ ═
2026-05-18 13:26:08,794 INFO     ___FILE_ONLY___ ═
2026-05-18 13:26:08,797 INFO     ___FILE_ONLY___ ═
2026-05-18 13:26:08,802 INFO     ___FILE_ONLY___ ═
2026-05-18 13:26:08,807 INFO     ___FILE_ONLY___ ═
2026-05-18 13:26:08,816 INFO     ___FILE_ONLY___ ═
2026-05-18 13:26:08,826 INFO     ___FILE_ONLY___ ═
2026-05-18 13:26:08,829 INFO     ___FILE_ONLY___ ═
2026-05-18 13:26:08,832 INFO     ___FILE_ONLY___ ═
2026-05-18 13:26:08,835 INFO     ___FILE_ONLY___ ═
2026-05-18 13:26:08,837 INFO     ___FILE_ONLY___ ═
2026-05-18 13:26:08,841 INFO     ___FILE_ONLY___ ═
2026-05-18 13:26:08,847 INFO     ___FILE_ONLY___ ═
2026-05-18 13:26:08,850 INFO     ___FILE_ONLY___ ═
2026-05-18 13:26:08,853 INFO     ___FILE_ONLY___ ═
2026-05-18 13:26:08,855 INFO     ___FILE_ONLY___ ═
2026-05-18 13:26:08,858 INFO     ___FILE_ONLY___ ═
2026-05-18 13:26:08,861 INFO     ___FILE_ONLY___ ═
2026-05-18 13:26:08,864 INFO     ___FILE_ONLY___ ═
2026-05-18 13:26:08,867 INFO     ___FILE_ONLY___ ═
2026-05-18 13:26:08,870 INFO     ___FILE_ONLY___ ═
2026-05-18 13:26:08,872 INFO     ___FILE_ONLY___ ═
2026-05-18 13:26:08,874 INFO     ___FILE_ONLY___ ═
2026-05-18 13:26:08,877 INFO     ___FILE_ONLY___ ═
2026-05-18 13:26:08,880 INFO     ___FILE_ONLY___ ═
2026-05-18 13:26:08,882 INFO     ___FILE_ONLY___ ═
2026-05-18 13:26:08,884 INFO     ___FILE_ONLY___ ═
2026-05-18 13:26:08,884 INFO     ___FILE_ONLY___ ╝

2026-05-18 13:26:08,892 INFO     ___FILE_ONLY___ ╔════════════════════════════════════════════════════════════╗

2026-05-18 13:26:08,893 INFO     ___FILE_ONLY___ ╠═ Installing: BigQuery Command Line Tool (Platform Spec... ═╣

2026-05-18 13:26:08,893 INFO     ___FILE_ONLY___ ╚
2026-05-18 13:26:08,893 INFO     ___FILE_ONLY___ ════════════════════════════════════════════════════════════
2026-05-18 13:26:08,894 INFO     ___FILE_ONLY___ ╝

2026-05-18 13:26:08,900 INFO     ___FILE_ONLY___ ╔════════════════════════════════════════════════════════════╗

2026-05-18 13:26:08,900 INFO     ___FILE_ONLY___ ╠═ Installing: Bundled Python 3.14                          ═╣

2026-05-18 13:26:08,900 INFO     ___FILE_ONLY___ ╚
2026-05-18 13:26:08,904 INFO     ___FILE_ONLY___ ════════════════════════════════════════════════════════════
2026-05-18 13:26:08,904 INFO     ___FILE_ONLY___ ╝

2026-05-18 13:26:08,906 INFO     ___FILE_ONLY___ ╔════════════════════════════════════════════════════════════╗

2026-05-18 13:26:08,906 INFO     ___FILE_ONLY___ ╠═ Installing: Bundled Python 3.14 (Platform Specific)      ═╣

2026-05-18 13:26:08,906 INFO     ___FILE_ONLY___ ╚
2026-05-18 13:26:09,861 INFO     ___FILE_ONLY___ ═
2026-05-18 13:26:09,880 INFO     ___FILE_ONLY___ ═
2026-05-18 13:26:09,896 INFO     ___FILE_ONLY___ ═
2026-05-18 13:26:10,088 INFO     ___FILE_ONLY___ ═
2026-05-18 13:26:10,115 INFO     ___FILE_ONLY___ ═
2026-05-18 13:26:10,148 INFO     ___FILE_ONLY___ ═
2026-05-18 13:26:10,173 INFO     ___FILE_ONLY___ ═
2026-05-18 13:26:10,192 INFO     ___FILE_ONLY___ ═
2026-05-18 13:26:10,222 INFO     ___FILE_ONLY___ ═
2026-05-18 13:26:10,237 INFO     ___FILE_ONLY___ ═
2026-05-18 13:26:10,348 INFO     ___FILE_ONLY___ ═
2026-05-18 13:26:10,368 INFO     ___FILE_ONLY___ ═
2026-05-18 13:26:10,391 INFO     ___FILE_ONLY___ ═
2026-05-18 13:26:10,420 INFO     ___FILE_ONLY___ ═
2026-05-18 13:26:10,439 INFO     ___FILE_ONLY___ ═
2026-05-18 13:26:10,462 INFO     ___FILE_ONLY___ ═
2026-05-18 13:26:10,475 INFO     ___FILE_ONLY___ ═
2026-05-18 13:26:10,494 INFO     ___FILE_ONLY___ ═
2026-05-18 13:26:10,511 INFO     ___FILE_ONLY___ ═
2026-05-18 13:26:10,533 INFO     ___FILE_ONLY___ ═
2026-05-18 13:26:10,555 INFO     ___FILE_ONLY___ ═
2026-05-18 13:26:10,575 INFO     ___FILE_ONLY___ ═
2026-05-18 13:26:10,752 INFO     ___FILE_ONLY___ ═
2026-05-18 13:26:10,810 INFO     ___FILE_ONLY___ ═
2026-05-18 13:26:10,836 INFO     ___FILE_ONLY___ ═
2026-05-18 13:26:10,885 INFO     ___FILE_ONLY___ ═
2026-05-18 13:26:10,906 INFO     ___FILE_ONLY___ ═
2026-05-18 13:26:10,919 INFO     ___FILE_ONLY___ ═
2026-05-18 13:26:10,934 INFO     ___FILE_ONLY___ ═
2026-05-18 13:26:10,950 INFO     ___FILE_ONLY___ ═
2026-05-18 13:26:10,963 INFO     ___FILE_ONLY___ ═
2026-05-18 13:26:10,976 INFO     ___FILE_ONLY___ ═
2026-05-18 13:26:10,987 INFO     ___FILE_ONLY___ ═
2026-05-18 13:26:11,001 INFO     ___FILE_ONLY___ ═
2026-05-18 13:26:11,014 INFO     ___FILE_ONLY___ ═
2026-05-18 13:26:11,028 INFO     ___FILE_ONLY___ ═
2026-05-18 13:26:11,045 INFO     ___FILE_ONLY___ ═
2026-05-18 13:26:11,059 INFO     ___FILE_ONLY___ ═
2026-05-18 13:26:11,077 INFO     ___FILE_ONLY___ ═
2026-05-18 13:26:11,095 INFO     ___FILE_ONLY___ ═
2026-05-18 13:26:11,107 INFO     ___FILE_ONLY___ ═
2026-05-18 13:26:11,123 INFO     ___FILE_ONLY___ ═
2026-05-18 13:26:11,137 INFO     ___FILE_ONLY___ ═
2026-05-18 13:26:11,149 INFO     ___FILE_ONLY___ ═
2026-05-18 13:26:11,164 INFO     ___FILE_ONLY___ ═
2026-05-18 13:26:11,175 INFO     ___FILE_ONLY___ ═
2026-05-18 13:26:11,188 INFO     ___FILE_ONLY___ ═
2026-05-18 13:26:11,202 INFO     ___FILE_ONLY___ ═
2026-05-18 13:26:11,218 INFO     ___FILE_ONLY___ ═
2026-05-18 13:26:11,231 INFO     ___FILE_ONLY___ ═
2026-05-18 13:26:11,246 INFO     ___FILE_ONLY___ ═
2026-05-18 13:26:11,260 INFO     ___FILE_ONLY___ ═
2026-05-18 13:26:11,277 INFO     ___FILE_ONLY___ ═
2026-05-18 13:26:11,293 INFO     ___FILE_ONLY___ ═
2026-05-18 13:26:11,309 INFO     ___FILE_ONLY___ ═
2026-05-18 13:26:11,326 INFO     ___FILE_ONLY___ ═
2026-05-18 13:26:11,343 INFO     ___FILE_ONLY___ ═
2026-05-18 13:26:11,357 INFO     ___FILE_ONLY___ ═
2026-05-18 13:26:11,380 INFO     ___FILE_ONLY___ ═
2026-05-18 13:26:11,396 INFO     ___FILE_ONLY___ ═
2026-05-18 13:26:11,396 INFO     ___FILE_ONLY___ ╝

2026-05-18 13:26:11,445 INFO     ___FILE_ONLY___ ╔════════════════════════════════════════════════════════════╗

2026-05-18 13:26:11,445 INFO     ___FILE_ONLY___ ╠═ Installing: Cloud Storage Command Line Tool              ═╣

2026-05-18 13:26:11,445 INFO     ___FILE_ONLY___ ╚
2026-05-18 13:26:12,107 INFO     ___FILE_ONLY___ ═
2026-05-18 13:26:12,119 INFO     ___FILE_ONLY___ ═
2026-05-18 13:26:12,134 INFO     ___FILE_ONLY___ ═
2026-05-18 13:26:12,146 INFO     ___FILE_ONLY___ ═
2026-05-18 13:26:12,164 INFO     ___FILE_ONLY___ ═
2026-05-18 13:26:12,207 INFO     ___FILE_ONLY___ ═
2026-05-18 13:26:12,223 INFO     ___FILE_ONLY___ ═
2026-05-18 13:26:12,241 INFO     ___FILE_ONLY___ ═
2026-05-18 13:26:12,259 INFO     ___FILE_ONLY___ ═
2026-05-18 13:26:12,277 INFO     ___FILE_ONLY___ ═
2026-05-18 13:26:12,297 INFO     ___FILE_ONLY___ ═
2026-05-18 13:26:12,311 INFO     ___FILE_ONLY___ ═
2026-05-18 13:26:12,326 INFO     ___FILE_ONLY___ ═
2026-05-18 13:26:12,337 INFO     ___FILE_ONLY___ ═
2026-05-18 13:26:12,350 INFO     ___FILE_ONLY___ ═
2026-05-18 13:26:12,372 INFO     ___FILE_ONLY___ ═
2026-05-18 13:26:12,387 INFO     ___FILE_ONLY___ ═
2026-05-18 13:26:12,399 INFO     ___FILE_ONLY___ ═
2026-05-18 13:26:12,415 INFO     ___FILE_ONLY___ ═
2026-05-18 13:26:12,427 INFO     ___FILE_ONLY___ ═
2026-05-18 13:26:12,439 INFO     ___FILE_ONLY___ ═
2026-05-18 13:26:12,452 INFO     ___FILE_ONLY___ ═
2026-05-18 13:26:12,464 INFO     ___FILE_ONLY___ ═
2026-05-18 13:26:12,477 INFO     ___FILE_ONLY___ ═
2026-05-18 13:26:12,488 INFO     ___FILE_ONLY___ ═
2026-05-18 13:26:12,503 INFO     ___FILE_ONLY___ ═
2026-05-18 13:26:12,514 INFO     ___FILE_ONLY___ ═
2026-05-18 13:26:12,533 INFO     ___FILE_ONLY___ ═
2026-05-18 13:26:12,552 INFO     ___FILE_ONLY___ ═
2026-05-18 13:26:12,569 INFO     ___FILE_ONLY___ ═
2026-05-18 13:26:12,585 INFO     ___FILE_ONLY___ ═
2026-05-18 13:26:12,607 INFO     ___FILE_ONLY___ ═
2026-05-18 13:26:12,632 INFO     ___FILE_ONLY___ ═
2026-05-18 13:26:12,654 INFO     ___FILE_ONLY___ ═
2026-05-18 13:26:12,672 INFO     ___FILE_ONLY___ ═
2026-05-18 13:26:12,688 INFO     ___FILE_ONLY___ ═
2026-05-18 13:26:12,699 INFO     ___FILE_ONLY___ ═
2026-05-18 13:26:12,711 INFO     ___FILE_ONLY___ ═
2026-05-18 13:26:12,758 INFO     ___FILE_ONLY___ ═
2026-05-18 13:26:12,785 INFO     ___FILE_ONLY___ ═
2026-05-18 13:26:12,807 INFO     ___FILE_ONLY___ ═
2026-05-18 13:26:12,825 INFO     ___FILE_ONLY___ ═
2026-05-18 13:26:12,844 INFO     ___FILE_ONLY___ ═
2026-05-18 13:26:12,858 INFO     ___FILE_ONLY___ ═
2026-05-18 13:26:12,869 INFO     ___FILE_ONLY___ ═
2026-05-18 13:26:12,880 INFO     ___FILE_ONLY___ ═
2026-05-18 13:26:12,890 INFO     ___FILE_ONLY___ ═
2026-05-18 13:26:12,903 INFO     ___FILE_ONLY___ ═
2026-05-18 13:26:12,919 INFO     ___FILE_ONLY___ ═
2026-05-18 13:26:12,969 INFO     ___FILE_ONLY___ ═
2026-05-18 13:26:12,986 INFO     ___FILE_ONLY___ ═
2026-05-18 13:26:13,004 INFO     ___FILE_ONLY___ ═
2026-05-18 13:26:13,024 INFO     ___FILE_ONLY___ ═
2026-05-18 13:26:13,047 INFO     ___FILE_ONLY___ ═
2026-05-18 13:26:13,067 INFO     ___FILE_ONLY___ ═
2026-05-18 13:26:13,086 INFO     ___FILE_ONLY___ ═
2026-05-18 13:26:13,105 INFO     ___FILE_ONLY___ ═
2026-05-18 13:26:13,132 INFO     ___FILE_ONLY___ ═
2026-05-18 13:26:13,154 INFO     ___FILE_ONLY___ ═
2026-05-18 13:26:13,175 INFO     ___FILE_ONLY___ ═
2026-05-18 13:26:13,175 INFO     ___FILE_ONLY___ ╝

2026-05-18 13:26:13,211 INFO     ___FILE_ONLY___ ╔════════════════════════════════════════════════════════════╗

2026-05-18 13:26:13,212 INFO     ___FILE_ONLY___ ╠═ Installing: Cloud Storage Command Line Tool (Platform... ═╣

2026-05-18 13:26:13,212 INFO     ___FILE_ONLY___ ╚
2026-05-18 13:26:13,213 INFO     ___FILE_ONLY___ ════════════════════════════════════════════════════════════
2026-05-18 13:26:13,214 INFO     ___FILE_ONLY___ ╝

2026-05-18 13:26:13,219 INFO     ___FILE_ONLY___ ╔════════════════════════════════════════════════════════════╗

2026-05-18 13:26:13,220 INFO     ___FILE_ONLY___ ╠═ Installing: Default set of gcloud commands               ═╣

2026-05-18 13:26:13,220 INFO     ___FILE_ONLY___ ╚
2026-05-18 13:26:13,224 INFO     ___FILE_ONLY___ ════════════════════════════════════════════════════════════
2026-05-18 13:26:13,224 INFO     ___FILE_ONLY___ ╝

2026-05-18 13:26:13,227 INFO     ___FILE_ONLY___ ╔════════════════════════════════════════════════════════════╗

2026-05-18 13:26:13,227 INFO     ___FILE_ONLY___ ╠═ Installing: Google Cloud CLI Core Libraries (Platform... ═╣

2026-05-18 13:26:13,227 INFO     ___FILE_ONLY___ ╚
2026-05-18 13:26:13,228 INFO     ___FILE_ONLY___ ══════════════════════════════
2026-05-18 13:26:13,229 INFO     ___FILE_ONLY___ ══════════════════════════════
2026-05-18 13:26:13,229 INFO     ___FILE_ONLY___ ╝

2026-05-18 13:26:13,237 INFO     ___FILE_ONLY___ ╔════════════════════════════════════════════════════════════╗

2026-05-18 13:26:13,237 INFO     ___FILE_ONLY___ ╠═ Installing: Google Cloud CRC32C Hash Tool                ═╣

2026-05-18 13:26:13,237 INFO     ___FILE_ONLY___ ╚
2026-05-18 13:26:13,240 INFO     ___FILE_ONLY___ ════════════════════════════════════════════════════════════
2026-05-18 13:26:13,240 INFO     ___FILE_ONLY___ ╝

2026-05-18 13:26:13,242 INFO     ___FILE_ONLY___ ╔════════════════════════════════════════════════════════════╗

2026-05-18 13:26:13,242 INFO     ___FILE_ONLY___ ╠═ Installing: Google Cloud CRC32C Hash Tool (Platform S... ═╣

2026-05-18 13:26:13,242 INFO     ___FILE_ONLY___ ╚
2026-05-18 13:26:13,287 INFO     ___FILE_ONLY___ ══════════════════════════════
2026-05-18 13:26:13,288 INFO     ___FILE_ONLY___ ══════════════════════════════
2026-05-18 13:26:13,288 INFO     ___FILE_ONLY___ ╝

2026-05-18 13:26:13,298 INFO     ___FILE_ONLY___ ╔════════════════════════════════════════════════════════════╗

2026-05-18 13:26:13,298 INFO     ___FILE_ONLY___ ╠═ Installing: gcloud cli dependencies (Platform Specific)  ═╣

2026-05-18 13:26:13,298 INFO     ___FILE_ONLY___ ╚
2026-05-18 13:26:13,299 INFO     ___FILE_ONLY___ ════════════════════════════════════════════════════════════
2026-05-18 13:26:13,299 INFO     ___FILE_ONLY___ ╝

2026-05-18 13:26:13,305 DEBUG    root            Updating notification cache...
2026-05-18 13:26:13,306 INFO     ___FILE_ONLY___ 

2026-05-18 13:26:13,308 INFO     ___FILE_ONLY___ Performing post processing steps...
2026-05-18 13:26:13,309 DEBUG    root            Executing command: ['/tools/google-cloud-sdk/bin/gcloud', 'components', 'post-process']
2026-05-18 13:26:28,739 DEBUG    ___FILE_ONLY___ 
2026-05-18 13:26:28,739 DEBUG    ___FILE_ONLY___ 
2026-05-18 13:26:28,843 INFO     root            descriptor_list: [{'universeDomain': 'googleapis.com', 'universeShortName': '', 'authenticationDomain': 'auth.cloud.google.com', 'projectPrefix': '', 'cloudWebDomain': 'cloud.google.com', 'documentationDomain': 'cloud.google.com', 'version': '1.0.0', 'state': 'primary', 'artifactRegistryDomain': 'pkg.dev'}]
2026-05-18 13:26:28,843 INFO     ___FILE_ONLY___ 
Update done!


2026-05-18 13:26:28,846 DEBUG    root            Chosen display Format:none
2026-05-18 13:26:28,846 INFO     root            Display format: "none"
